{"D:\\advanced-react\\lib\\DataApi.js": {"path":"D:\\advanced-react\\lib\\DataApi.js","statementMap":{"0":{"start":{"line":3,"column":4},"end":{"line":3,"column":27}},"1":{"start":{"line":6,"column":4},"end":{"line":9,"column":11}},"2":{"start":{"line":7,"column":6},"end":{"line":7,"column":26}},"3":{"start":{"line":8,"column":6},"end":{"line":8,"column":17}},"4":{"start":{"line":12,"column":4},"end":{"line":12,"column":53}},"5":{"start":{"line":15,"column":4},"end":{"line":15,"column":52}}},"fnMap":{"0":{"name":"(anonymous_0)","decl":{"start":{"line":2,"column":2},"end":{"line":2,"column":3}},"loc":{"start":{"line":2,"column":23},"end":{"line":4,"column":3}},"line":2},"1":{"name":"(anonymous_1)","decl":{"start":{"line":5,"column":2},"end":{"line":5,"column":3}},"loc":{"start":{"line":5,"column":21},"end":{"line":10,"column":3}},"line":5},"2":{"name":"(anonymous_2)","decl":{"start":{"line":6,"column":22},"end":{"line":6,"column":23}},"loc":{"start":{"line":6,"column":37},"end":{"line":9,"column":5}},"line":6},"3":{"name":"(anonymous_3)","decl":{"start":{"line":11,"column":2},"end":{"line":11,"column":3}},"loc":{"start":{"line":11,"column":16},"end":{"line":13,"column":3}},"line":11},"4":{"name":"(anonymous_4)","decl":{"start":{"line":14,"column":2},"end":{"line":14,"column":3}},"loc":{"start":{"line":14,"column":15},"end":{"line":16,"column":3}},"line":14}},"branchMap":{},"s":{"0":1,"1":2,"2":9,"3":9,"4":1,"5":1},"f":{"0":1,"1":2,"2":9,"3":1,"4":1},"b":{},"_coverageSchema":"43e27e138ebf9cfc5966b082cf9a028302ed4184","hash":"05baec92cc67c6d556a5bace94264f1b0a6df418"}
,"D:\\advanced-react\\lib\\components\\Article.js": {"path":"D:\\advanced-react\\lib\\components\\Article.js","statementMap":{"0":{"start":{"line":3,"column":15},"end":{"line":3,"column":17}},"1":{"start":{"line":4,"column":20},"end":{"line":4,"column":69}},"2":{"start":{"line":4,"column":34},"end":{"line":4,"column":69}},"3":{"start":{"line":6,"column":16},"end":{"line":21,"column":1}},"4":{"start":{"line":7,"column":31},"end":{"line":7,"column":36}},"5":{"start":{"line":8,"column":17},"end":{"line":8,"column":55}},"6":{"start":{"line":9,"column":2},"end":{"line":20,"column":4}}},"fnMap":{"0":{"name":"(anonymous_0)","decl":{"start":{"line":4,"column":20},"end":{"line":4,"column":21}},"loc":{"start":{"line":4,"column":34},"end":{"line":4,"column":69}},"line":4},"1":{"name":"(anonymous_1)","decl":{"start":{"line":6,"column":16},"end":{"line":6,"column":17}},"loc":{"start":{"line":6,"column":25},"end":{"line":21,"column":1}},"line":6}},"branchMap":{},"s":{"0":1,"1":1,"2":2,"3":1,"4":2,"5":2,"6":2},"f":{"0":2,"1":2},"b":{},"_coverageSchema":"43e27e138ebf9cfc5966b082cf9a028302ed4184","hash":"c61ee46d9fc9b829e95ba6c2767ae6864380a23c"}
,"D:\\advanced-react\\lib\\components\\ArticlesList.js": {"path":"D:\\advanced-react\\lib\\components\\ArticlesList.js","statementMap":{"0":{"start":{"line":4,"column":21},"end":{"line":16,"column":1}},"1":{"start":{"line":5,"column":2},"end":{"line":15,"column":4}},"2":{"start":{"line":8,"column":8},"end":{"line":12,"column":10}},"3":{"start":{"line":19,"column":0},"end":{"line":21,"column":2}}},"fnMap":{"0":{"name":"(anonymous_0)","decl":{"start":{"line":4,"column":21},"end":{"line":4,"column":22}},"loc":{"start":{"line":4,"column":41},"end":{"line":16,"column":1}},"line":4},"1":{"name":"(anonymous_1)","decl":{"start":{"line":7,"column":41},"end":{"line":7,"column":42}},"loc":{"start":{"line":8,"column":8},"end":{"line":12,"column":10}},"line":8}},"branchMap":{},"s":{"0":1,"1":1,"2":2,"3":1},"f":{"0":1,"1":2},"b":{},"_coverageSchema":"43e27e138ebf9cfc5966b082cf9a028302ed4184","hash":"605b94ee6b452ac5a6bedbc64e07b71a12f688ef"}
}
